<?xml version="1.0" encoding="UTF-8"?>
<!-- Generated by org.testng.reporters.JUnitXMLReporter -->
<testsuite hostname="dell" ignored="0" name="Validating title in the Page" tests="1" failures="1" timestamp="2020-02-25T18:46:32 IST" time="5.181" errors="0">
  <testcase name="validateApptitle" time="0.201" classname="Academy.validateTitle">
    <failure type="junit.framework.ComparisonFailure" message="expected:&amp;lt;FEATURED CO[]URSES&amp;gt; but was:&amp;lt;FEATURED CO[3]URSES&amp;gt;">
      <![CDATA[junit.framework.ComparisonFailure: expected:<FEATURED CO[]URSES> but was:<FEATURED CO[3]URSES>
at junit.framework.Assert.assertEquals(Assert.java:100)
at junit.framework.Assert.assertEquals(Assert.java:107)
at Academy.validateTitle.validateApptitle(validateTitle.java:41)
at java.util.ArrayList.forEach(ArrayList.java:1257)
... Removed 31 stack frames]]>
    </failure>
  </testcase> <!-- validateApptitle -->
</testsuite> <!-- Validating title in the Page -->
