<?xml version="1.0" encoding="UTF-8"?>
<testsuite xmlns:xsi="http://www.w3.org/2001/XMLSchema-instance" xsi:noNamespaceSchemaLocation="https://maven.apache.org/surefire/maven-surefire-plugin/xsd/surefire-test-report-3.0.xsd" version="3.0" name="TestSuite" time="54.154" tests="5" errors="0" skipped="0" failures="2">
  <properties>
[...]
</properties>
  <testcase name="openingbrowser" classname="Academy.Homepage" time="25.68"/>
  <testcase name="openingbrowser" classname="Academy.Homepage" time="13.156"/>
  <testcase name="validateApptitle" classname="Academy.validateTitle" time="0.745">
    <failure message="expected:&lt;FEATURED CO[]URSES&gt; but was:&lt;FEATURED CO[3]URSES&gt;" type="junit.framework.ComparisonFailure"><![CDATA[junit.framework.ComparisonFailure: expected:<FEATURED CO[]URSES> but was:<FEATURED CO[3]URSES>
	at Academy.validateTitle.validateApptitle(validateTitle.java:41)
]]></failure>
    <system-err><![CDATA[Starting ChromeDriver 80.0.3987.106 (f68069574609230cf9b635cd784cfb1bf81bb53a-refs/branch-heads/3987@{#882}) on port 13421
Only local connections are allowed.
Please protect ports used by ChromeDriver and related test frameworks to prevent access by malicious code.
Feb 25, 2020 6:46:29 PM org.openqa.selenium.remote.ProtocolHandshake createSession
INFO: Detected dialect: W3C
[1582636590.056][SEVERE]: Timed out receiving message from renderer: 0.100
[1582636590.159][SEVERE]: Timed out receiving message from renderer: 0.100
[1582636590.262][SEVERE]: Timed out receiving message from renderer: 0.100
[1582636590.363][SEVERE]: Timed out receiving message from renderer: 0.100
[1582636590.465][SEVERE]: Timed out receiving message from renderer: 0.100
[1582636590.567][SEVERE]: Timed out receiving message from renderer: 0.100
]]></system-err>
  </testcase>
  <testcase name="validateApptitle" classname="Academy.validateNavigationlinks" time="0.222"/>
  <testcase name="teardown" classname="Academy.validateNavigationlinks" time="0.316">
    <failure message="invalid session id&#10;Build info: version: &apos;3.4.0&apos;, revision: &apos;unknown&apos;, time: &apos;unknown&apos;&#10;System info: host: &apos;DELL&apos;, ip: &apos;10.0.0.9&apos;, os.name: &apos;Windows 8.1&apos;, os.arch: &apos;amd64&apos;, os.version: &apos;6.3&apos;, java.version: &apos;1.8.0_241&apos;&#10;Driver info: org.openqa.selenium.chrome.ChromeDriver&#10;Capabilities [{networkConnectionEnabled=false, chrome={chromedriverVersion=80.0.3987.106 (f68069574609230cf9b635cd784cfb1bf81bb53a-refs/branch-heads/3987@{#882}), userDataDir=C:\Users\DELL55~1\AppData\Local\Temp\scoped_dir14384_2131026782}, timeouts={implicit=0.0, pageLoad=300000.0, script=30000.0}, pageLoadStrategy=normal, unhandledPromptBehavior=dismiss and notify, strictFileInteractability=false, platform=ANY, proxy=Proxy(), goog:chromeOptions={debuggerAddress=localhost:64428}, acceptInsecureCerts=false, browserVersion=80.0.3987.116, browserName=chrome, javascriptEnabled=true, platformName=windows, setWindowRect=true}]&#10;Session ID: 20fd5c42e88695e20bc9ca7302524a7e" type="org.openqa.selenium.NoSuchSessionException"><![CDATA[org.openqa.selenium.NoSuchSessionException: 
invalid session id
Build info: version: '3.4.0', revision: 'unknown', time: 'unknown'
System info: host: 'DELL', ip: '10.0.0.9', os.name: 'Windows 8.1', os.arch: 'amd64', os.version: '6.3', java.version: '1.8.0_241'
Driver info: org.openqa.selenium.chrome.ChromeDriver
Capabilities [{networkConnectionEnabled=false, chrome={chromedriverVersion=80.0.3987.106 (f68069574609230cf9b635cd784cfb1bf81bb53a-refs/branch-heads/3987@{#882}), userDataDir=C:\Users\DELL55~1\AppData\Local\Temp\scoped_dir14384_2131026782}, timeouts={implicit=0.0, pageLoad=300000.0, script=30000.0}, pageLoadStrategy=normal, unhandledPromptBehavior=dismiss and notify, strictFileInteractability=false, platform=ANY, proxy=Proxy(), goog:chromeOptions={debuggerAddress=localhost:64428}, acceptInsecureCerts=false, browserVersion=80.0.3987.116, browserName=chrome, javascriptEnabled=true, platformName=windows, setWindowRect=true}]
Session ID: 20fd5c42e88695e20bc9ca7302524a7e
	at Academy.validateNavigationlinks.teardown(validateNavigationlinks.java:48)
]]></failure>
  </testcase>
</testsuite>